{"/Users/nachomirallessoler/Desktop/freelance_works/padelChallenge/src/components/header/index.tsx": {"path":"/Users/nachomirallessoler/Desktop/freelance_works/padelChallenge/src/components/header/index.tsx","statementMap":{"0":{"start":{"line":18,"column":22},"end":{"line":61,"column":1}},"1":{"start":{"line":19,"column":26},"end":{"line":19,"column":36}},"2":{"start":{"line":21,"column":15},"end":{"line":21,"column":26}},"3":{"start":{"line":22,"column":25},"end":{"line":22,"column":38}},"4":{"start":{"line":23,"column":1},"end":{"line":60,"column":3}},"5":{"start":{"line":39,"column":42},"end":{"line":39,"column":65}},"6":{"start":{"line":41,"column":7},"end":{"line":50,"column":9}}},"fnMap":{"0":{"name":"(anonymous_0)","decl":{"start":{"line":18,"column":22},"end":{"line":18,"column":23}},"loc":{"start":{"line":18,"column":28},"end":{"line":61,"column":1}},"line":18},"1":{"name":"(anonymous_1)","decl":{"start":{"line":39,"column":20},"end":{"line":39,"column":21}},"loc":{"start":{"line":39,"column":42},"end":{"line":39,"column":65}},"line":39},"2":{"name":"(anonymous_2)","decl":{"start":{"line":40,"column":6},"end":{"line":40,"column":7}},"loc":{"start":{"line":40,"column":31},"end":{"line":51,"column":7}},"line":40}},"branchMap":{"0":{"loc":{"start":{"line":45,"column":10},"end":{"line":45,"column":59}},"type":"cond-expr","locations":[{"start":{"line":45,"column":46},"end":{"line":45,"column":54}},{"start":{"line":45,"column":57},"end":{"line":45,"column":59}}],"line":45}},"s":{"0":1,"1":5,"2":5,"3":5,"4":5,"5":15,"6":10},"f":{"0":5,"1":15,"2":10},"b":{"0":[3,7]},"_coverageSchema":"43e27e138ebf9cfc5966b082cf9a028302ed4184","hash":"223d17d42360bfdff457d4cf717bb5bf485f1c77"}
,"/Users/nachomirallessoler/Desktop/freelance_works/padelChallenge/src/hooks/useLogin.ts": {"path":"/Users/nachomirallessoler/Desktop/freelance_works/padelChallenge/src/hooks/useLogin.ts","statementMap":{"0":{"start":{"line":15,"column":24},"end":{"line":63,"column":1}},"1":{"start":{"line":16,"column":39},"end":{"line":19,"column":3}},"2":{"start":{"line":21,"column":18},"end":{"line":21,"column":31}},"3":{"start":{"line":23,"column":18},"end":{"line":23,"column":31}},"4":{"start":{"line":24,"column":27},"end":{"line":24,"column":42}},"5":{"start":{"line":26,"column":22},"end":{"line":32,"column":2}},"6":{"start":{"line":27,"column":2},"end":{"line":30,"column":5}},"7":{"start":{"line":31,"column":2},"end":{"line":31,"column":18}},"8":{"start":{"line":34,"column":22},"end":{"line":48,"column":2}},"9":{"start":{"line":35,"column":20},"end":{"line":38,"column":3}},"10":{"start":{"line":40,"column":2},"end":{"line":47,"column":3}},"11":{"start":{"line":41,"column":3},"end":{"line":41,"column":18}},"12":{"start":{"line":42,"column":3},"end":{"line":42,"column":35}},"13":{"start":{"line":44,"column":21},"end":{"line":44,"column":42}},"14":{"start":{"line":45,"column":3},"end":{"line":45,"column":45}},"15":{"start":{"line":46,"column":3},"end":{"line":46,"column":26}},"16":{"start":{"line":50,"column":22},"end":{"line":54,"column":2}},"17":{"start":{"line":51,"column":2},"end":{"line":51,"column":11}},"18":{"start":{"line":52,"column":2},"end":{"line":52,"column":28}},"19":{"start":{"line":53,"column":2},"end":{"line":53,"column":21}},"20":{"start":{"line":56,"column":1},"end":{"line":62,"column":3}}},"fnMap":{"0":{"name":"(anonymous_0)","decl":{"start":{"line":15,"column":24},"end":{"line":15,"column":25}},"loc":{"start":{"line":15,"column":30},"end":{"line":63,"column":1}},"line":15},"1":{"name":"(anonymous_1)","decl":{"start":{"line":26,"column":22},"end":{"line":26,"column":23}},"loc":{"start":{"line":26,"column":66},"end":{"line":32,"column":2}},"line":26},"2":{"name":"(anonymous_2)","decl":{"start":{"line":34,"column":22},"end":{"line":34,"column":23}},"loc":{"start":{"line":34,"column":34},"end":{"line":48,"column":2}},"line":34},"3":{"name":"(anonymous_3)","decl":{"start":{"line":50,"column":22},"end":{"line":50,"column":23}},"loc":{"start":{"line":50,"column":28},"end":{"line":54,"column":2}},"line":50}},"branchMap":{"0":{"loc":{"start":{"line":40,"column":2},"end":{"line":47,"column":3}},"type":"if","locations":[{"start":{"line":40,"column":2},"end":{"line":47,"column":3}},{"start":{"line":40,"column":2},"end":{"line":47,"column":3}}],"line":40}},"s":{"0":3,"1":8,"2":8,"3":8,"4":8,"5":8,"6":0,"7":0,"8":8,"9":1,"10":0,"11":0,"12":0,"13":0,"14":0,"15":0,"16":8,"17":1,"18":1,"19":1,"20":8},"f":{"0":8,"1":0,"2":1,"3":1},"b":{"0":[0,0]},"_coverageSchema":"43e27e138ebf9cfc5966b082cf9a028302ed4184","hash":"7da88a0eeda68694f4e3807b77762f6f084f6a64"}
,"/Users/nachomirallessoler/Desktop/freelance_works/padelChallenge/src/hooks/usePhotos.ts": {"path":"/Users/nachomirallessoler/Desktop/freelance_works/padelChallenge/src/hooks/usePhotos.ts","statementMap":{"0":{"start":{"line":13,"column":28},"end":{"line":60,"column":1}},"1":{"start":{"line":14,"column":27},"end":{"line":14,"column":39}},"2":{"start":{"line":16,"column":25},"end":{"line":16,"column":36}},"3":{"start":{"line":18,"column":29},"end":{"line":18,"column":66}},"4":{"start":{"line":18,"column":52},"end":{"line":18,"column":65}},"5":{"start":{"line":20,"column":18},"end":{"line":20,"column":31}},"6":{"start":{"line":22,"column":1},"end":{"line":28,"column":12}},"7":{"start":{"line":23,"column":2},"end":{"line":27,"column":3}},"8":{"start":{"line":24,"column":3},"end":{"line":24,"column":38}},"9":{"start":{"line":26,"column":3},"end":{"line":26,"column":32}},"10":{"start":{"line":30,"column":21},"end":{"line":32,"column":2}},"11":{"start":{"line":31,"column":2},"end":{"line":31,"column":27}},"12":{"start":{"line":34,"column":22},"end":{"line":36,"column":2}},"13":{"start":{"line":35,"column":2},"end":{"line":35,"column":27}},"14":{"start":{"line":38,"column":27},"end":{"line":44,"column":2}},"15":{"start":{"line":39,"column":2},"end":{"line":43,"column":3}},"16":{"start":{"line":40,"column":3},"end":{"line":40,"column":35}},"17":{"start":{"line":42,"column":3},"end":{"line":42,"column":39}},"18":{"start":{"line":46,"column":25},"end":{"line":48,"column":2}},"19":{"start":{"line":47,"column":2},"end":{"line":47,"column":38}},"20":{"start":{"line":47,"column":24},"end":{"line":47,"column":36}},"21":{"start":{"line":50,"column":1},"end":{"line":59,"column":3}}},"fnMap":{"0":{"name":"(anonymous_0)","decl":{"start":{"line":13,"column":28},"end":{"line":13,"column":29}},"loc":{"start":{"line":13,"column":34},"end":{"line":60,"column":1}},"line":13},"1":{"name":"(anonymous_1)","decl":{"start":{"line":18,"column":41},"end":{"line":18,"column":42}},"loc":{"start":{"line":18,"column":52},"end":{"line":18,"column":65}},"line":18},"2":{"name":"(anonymous_2)","decl":{"start":{"line":22,"column":11},"end":{"line":22,"column":12}},"loc":{"start":{"line":22,"column":17},"end":{"line":28,"column":2}},"line":22},"3":{"name":"(anonymous_3)","decl":{"start":{"line":30,"column":21},"end":{"line":30,"column":22}},"loc":{"start":{"line":30,"column":37},"end":{"line":32,"column":2}},"line":30},"4":{"name":"(anonymous_4)","decl":{"start":{"line":34,"column":22},"end":{"line":34,"column":23}},"loc":{"start":{"line":34,"column":66},"end":{"line":36,"column":2}},"line":34},"5":{"name":"(anonymous_5)","decl":{"start":{"line":38,"column":27},"end":{"line":38,"column":28}},"loc":{"start":{"line":38,"column":52},"end":{"line":44,"column":2}},"line":38},"6":{"name":"(anonymous_6)","decl":{"start":{"line":46,"column":25},"end":{"line":46,"column":26}},"loc":{"start":{"line":46,"column":31},"end":{"line":48,"column":2}},"line":46},"7":{"name":"(anonymous_7)","decl":{"start":{"line":47,"column":10},"end":{"line":47,"column":11}},"loc":{"start":{"line":47,"column":24},"end":{"line":47,"column":36}},"line":47}},"branchMap":{"0":{"loc":{"start":{"line":23,"column":2},"end":{"line":27,"column":3}},"type":"if","locations":[{"start":{"line":23,"column":2},"end":{"line":27,"column":3}},{"start":{"line":23,"column":2},"end":{"line":27,"column":3}}],"line":23},"1":{"loc":{"start":{"line":39,"column":2},"end":{"line":43,"column":3}},"type":"if","locations":[{"start":{"line":39,"column":2},"end":{"line":43,"column":3}},{"start":{"line":39,"column":2},"end":{"line":43,"column":3}}],"line":39}},"s":{"0":3,"1":8,"2":8,"3":8,"4":6,"5":8,"6":8,"7":6,"8":5,"9":1,"10":8,"11":0,"12":8,"13":0,"14":8,"15":0,"16":0,"17":0,"18":8,"19":1,"20":1,"21":8},"f":{"0":8,"1":6,"2":6,"3":0,"4":0,"5":0,"6":1,"7":1},"b":{"0":[5,1],"1":[0,0]},"_coverageSchema":"43e27e138ebf9cfc5966b082cf9a028302ed4184","hash":"53886cf56e5046e5806c6de402cf076f12242a05"}
,"/Users/nachomirallessoler/Desktop/freelance_works/padelChallenge/src/hooks/useTodos.ts": {"path":"/Users/nachomirallessoler/Desktop/freelance_works/padelChallenge/src/hooks/useTodos.ts","statementMap":{"0":{"start":{"line":11,"column":16},"end":{"line":11,"column":17}},"1":{"start":{"line":13,"column":24},"end":{"line":62,"column":1}},"2":{"start":{"line":14,"column":39},"end":{"line":14,"column":54}},"3":{"start":{"line":15,"column":33},"end":{"line":15,"column":45}},"4":{"start":{"line":16,"column":18},"end":{"line":16,"column":31}},"5":{"start":{"line":17,"column":35},"end":{"line":17,"column":71}},"6":{"start":{"line":17,"column":58},"end":{"line":17,"column":70}},"7":{"start":{"line":18,"column":1},"end":{"line":20,"column":8}},"8":{"start":{"line":19,"column":2},"end":{"line":19,"column":33}},"9":{"start":{"line":22,"column":20},"end":{"line":24,"column":2}},"10":{"start":{"line":23,"column":2},"end":{"line":23,"column":31}},"11":{"start":{"line":26,"column":20},"end":{"line":28,"column":2}},"12":{"start":{"line":27,"column":2},"end":{"line":27,"column":31}},"13":{"start":{"line":30,"column":22},"end":{"line":32,"column":2}},"14":{"start":{"line":31,"column":2},"end":{"line":31,"column":30}},"15":{"start":{"line":34,"column":18},"end":{"line":46,"column":2}},"16":{"start":{"line":35,"column":21},"end":{"line":35,"column":53}},"17":{"start":{"line":36,"column":13},"end":{"line":41,"column":3}},"18":{"start":{"line":42,"column":2},"end":{"line":45,"column":3}},"19":{"start":{"line":43,"column":3},"end":{"line":43,"column":25}},"20":{"start":{"line":44,"column":3},"end":{"line":44,"column":31}},"21":{"start":{"line":48,"column":1},"end":{"line":61,"column":3}}},"fnMap":{"0":{"name":"(anonymous_0)","decl":{"start":{"line":13,"column":24},"end":{"line":13,"column":25}},"loc":{"start":{"line":13,"column":30},"end":{"line":62,"column":1}},"line":13},"1":{"name":"(anonymous_1)","decl":{"start":{"line":17,"column":47},"end":{"line":17,"column":48}},"loc":{"start":{"line":17,"column":58},"end":{"line":17,"column":70}},"line":17},"2":{"name":"(anonymous_2)","decl":{"start":{"line":18,"column":11},"end":{"line":18,"column":12}},"loc":{"start":{"line":18,"column":17},"end":{"line":20,"column":2}},"line":18},"3":{"name":"(anonymous_3)","decl":{"start":{"line":22,"column":20},"end":{"line":22,"column":21}},"loc":{"start":{"line":22,"column":36},"end":{"line":24,"column":2}},"line":22},"4":{"name":"(anonymous_4)","decl":{"start":{"line":26,"column":20},"end":{"line":26,"column":21}},"loc":{"start":{"line":26,"column":36},"end":{"line":28,"column":2}},"line":26},"5":{"name":"(anonymous_5)","decl":{"start":{"line":30,"column":22},"end":{"line":30,"column":23}},"loc":{"start":{"line":30,"column":66},"end":{"line":32,"column":2}},"line":30},"6":{"name":"(anonymous_6)","decl":{"start":{"line":34,"column":18},"end":{"line":34,"column":19}},"loc":{"start":{"line":34,"column":24},"end":{"line":46,"column":2}},"line":34}},"branchMap":{"0":{"loc":{"start":{"line":35,"column":21},"end":{"line":35,"column":53}},"type":"binary-expr","locations":[{"start":{"line":35,"column":21},"end":{"line":35,"column":48}},{"start":{"line":35,"column":52},"end":{"line":35,"column":53}}],"line":35},"1":{"loc":{"start":{"line":42,"column":2},"end":{"line":45,"column":3}},"type":"if","locations":[{"start":{"line":42,"column":2},"end":{"line":45,"column":3}},{"start":{"line":42,"column":2},"end":{"line":45,"column":3}}],"line":42}},"s":{"0":3,"1":3,"2":7,"3":7,"4":7,"5":7,"6":3,"7":7,"8":6,"9":7,"10":1,"11":7,"12":0,"13":7,"14":0,"15":7,"16":1,"17":1,"18":1,"19":0,"20":0,"21":7},"f":{"0":7,"1":3,"2":6,"3":1,"4":0,"5":0,"6":1},"b":{"0":[1,0],"1":[0,1]},"_coverageSchema":"43e27e138ebf9cfc5966b082cf9a028302ed4184","hash":"fcad61dd1e2b872115c5308fdbbd24c2325f9061"}
,"/Users/nachomirallessoler/Desktop/freelance_works/padelChallenge/src/pages/dashboard/index.tsx": {"path":"/Users/nachomirallessoler/Desktop/freelance_works/padelChallenge/src/pages/dashboard/index.tsx","statementMap":{"0":{"start":{"line":10,"column":35},"end":{"line":48,"column":1}},"1":{"start":{"line":18,"column":5},"end":{"line":18,"column":19}},"2":{"start":{"line":20,"column":1},"end":{"line":47,"column":3}},"3":{"start":{"line":36,"column":20},"end":{"line":36,"column":44}}},"fnMap":{"0":{"name":"(anonymous_0)","decl":{"start":{"line":10,"column":35},"end":{"line":10,"column":36}},"loc":{"start":{"line":10,"column":41},"end":{"line":48,"column":1}},"line":10},"1":{"name":"(anonymous_1)","decl":{"start":{"line":36,"column":14},"end":{"line":36,"column":15}},"loc":{"start":{"line":36,"column":20},"end":{"line":36,"column":44}},"line":36}},"branchMap":{},"s":{"0":2,"1":4,"2":4,"3":0},"f":{"0":4,"1":0},"b":{},"_coverageSchema":"43e27e138ebf9cfc5966b082cf9a028302ed4184","hash":"e68029bf3ca7307de85aebfd83c96dd751769d33"}
,"/Users/nachomirallessoler/Desktop/freelance_works/padelChallenge/src/pages/login/index.tsx": {"path":"/Users/nachomirallessoler/Desktop/freelance_works/padelChallenge/src/pages/login/index.tsx","statementMap":{"0":{"start":{"line":11,"column":21},"end":{"line":50,"column":1}},"1":{"start":{"line":17,"column":5},"end":{"line":17,"column":15}},"2":{"start":{"line":19,"column":1},"end":{"line":49,"column":3}}},"fnMap":{"0":{"name":"(anonymous_0)","decl":{"start":{"line":11,"column":21},"end":{"line":11,"column":22}},"loc":{"start":{"line":11,"column":27},"end":{"line":50,"column":1}},"line":11}},"branchMap":{"0":{"loc":{"start":{"line":44,"column":15},"end":{"line":44,"column":46}},"type":"binary-expr","locations":[{"start":{"line":44,"column":15},"end":{"line":44,"column":27}},{"start":{"line":44,"column":31},"end":{"line":44,"column":46}}],"line":44},"1":{"loc":{"start":{"line":46,"column":5},"end":{"line":46,"column":53}},"type":"binary-expr","locations":[{"start":{"line":46,"column":5},"end":{"line":46,"column":10}},{"start":{"line":46,"column":14},"end":{"line":46,"column":53}}],"line":46}},"s":{"0":2,"1":1,"2":1},"f":{"0":1},"b":{"0":[1,0],"1":[1,0]},"_coverageSchema":"43e27e138ebf9cfc5966b082cf9a028302ed4184","hash":"279b8293c08df10672cb46d791109e825b380698"}
,"/Users/nachomirallessoler/Desktop/freelance_works/padelChallenge/src/pages/settings/index.tsx": {"path":"/Users/nachomirallessoler/Desktop/freelance_works/padelChallenge/src/pages/settings/index.tsx","statementMap":{"0":{"start":{"line":11,"column":24},"end":{"line":69,"column":1}},"1":{"start":{"line":22,"column":5},"end":{"line":22,"column":15}},"2":{"start":{"line":24,"column":1},"end":{"line":68,"column":3}},"3":{"start":{"line":31,"column":20},"end":{"line":31,"column":40}},"4":{"start":{"line":54,"column":31},"end":{"line":54,"column":52}}},"fnMap":{"0":{"name":"(anonymous_0)","decl":{"start":{"line":11,"column":24},"end":{"line":11,"column":25}},"loc":{"start":{"line":11,"column":30},"end":{"line":69,"column":1}},"line":11},"1":{"name":"(anonymous_1)","decl":{"start":{"line":31,"column":14},"end":{"line":31,"column":15}},"loc":{"start":{"line":31,"column":20},"end":{"line":31,"column":40}},"line":31},"2":{"name":"(anonymous_2)","decl":{"start":{"line":54,"column":25},"end":{"line":54,"column":26}},"loc":{"start":{"line":54,"column":31},"end":{"line":54,"column":52}},"line":54}},"branchMap":{"0":{"loc":{"start":{"line":46,"column":4},"end":{"line":66,"column":4}},"type":"binary-expr","locations":[{"start":{"line":46,"column":4},"end":{"line":46,"column":15}},{"start":{"line":47,"column":4},"end":{"line":65,"column":12}}],"line":46}},"s":{"0":2,"1":2,"2":2,"3":0,"4":0},"f":{"0":2,"1":0,"2":0},"b":{"0":[2,0]},"_coverageSchema":"43e27e138ebf9cfc5966b082cf9a028302ed4184","hash":"9e056c0e3ccb4fa484304ec7c3ce4e0f95d95894"}
}
