TN:
SF:/Users/nachomirallessoler/Desktop/freelance_works/padelChallenge/src/components/header/index.tsx
FN:18,(anonymous_0)
FN:39,(anonymous_1)
FN:40,(anonymous_2)
FNF:3
FNH:3
FNDA:5,(anonymous_0)
FNDA:15,(anonymous_1)
FNDA:10,(anonymous_2)
DA:18,1
DA:19,5
DA:21,5
DA:22,5
DA:23,5
DA:39,15
DA:41,10
LF:7
LH:7
BRDA:45,0,0,3
BRDA:45,0,1,7
BRF:2
BRH:2
end_of_record
TN:
SF:/Users/nachomirallessoler/Desktop/freelance_works/padelChallenge/src/hooks/useLogin.ts
FN:15,(anonymous_0)
FN:26,(anonymous_1)
FN:34,(anonymous_2)
FN:50,(anonymous_3)
FNF:4
FNH:3
FNDA:8,(anonymous_0)
FNDA:0,(anonymous_1)
FNDA:1,(anonymous_2)
FNDA:1,(anonymous_3)
DA:15,3
DA:16,8
DA:21,8
DA:23,8
DA:24,8
DA:26,8
DA:27,0
DA:31,0
DA:34,8
DA:35,1
DA:40,0
DA:41,0
DA:42,0
DA:44,0
DA:45,0
DA:46,0
DA:50,8
DA:51,1
DA:52,1
DA:53,1
DA:56,8
LF:21
LH:13
BRDA:40,0,0,0
BRDA:40,0,1,0
BRF:2
BRH:0
end_of_record
TN:
SF:/Users/nachomirallessoler/Desktop/freelance_works/padelChallenge/src/hooks/usePhotos.ts
FN:13,(anonymous_0)
FN:18,(anonymous_1)
FN:22,(anonymous_2)
FN:30,(anonymous_3)
FN:34,(anonymous_4)
FN:38,(anonymous_5)
FN:46,(anonymous_6)
FN:47,(anonymous_7)
FNF:8
FNH:5
FNDA:8,(anonymous_0)
FNDA:6,(anonymous_1)
FNDA:6,(anonymous_2)
FNDA:0,(anonymous_3)
FNDA:0,(anonymous_4)
FNDA:0,(anonymous_5)
FNDA:1,(anonymous_6)
FNDA:1,(anonymous_7)
DA:13,3
DA:14,8
DA:16,8
DA:18,8
DA:20,8
DA:22,8
DA:23,6
DA:24,5
DA:26,1
DA:30,8
DA:31,0
DA:34,8
DA:35,0
DA:38,8
DA:39,0
DA:40,0
DA:42,0
DA:46,8
DA:47,1
DA:50,8
LF:20
LH:15
BRDA:23,0,0,5
BRDA:23,0,1,1
BRDA:39,1,0,0
BRDA:39,1,1,0
BRF:4
BRH:2
end_of_record
TN:
SF:/Users/nachomirallessoler/Desktop/freelance_works/padelChallenge/src/hooks/useTodos.ts
FN:13,(anonymous_0)
FN:17,(anonymous_1)
FN:18,(anonymous_2)
FN:22,(anonymous_3)
FN:26,(anonymous_4)
FN:30,(anonymous_5)
FN:34,(anonymous_6)
FNF:7
FNH:5
FNDA:7,(anonymous_0)
FNDA:3,(anonymous_1)
FNDA:6,(anonymous_2)
FNDA:1,(anonymous_3)
FNDA:0,(anonymous_4)
FNDA:0,(anonymous_5)
FNDA:1,(anonymous_6)
DA:11,3
DA:13,3
DA:14,7
DA:15,7
DA:16,7
DA:17,7
DA:18,7
DA:19,6
DA:22,7
DA:23,1
DA:26,7
DA:27,0
DA:30,7
DA:31,0
DA:34,7
DA:35,1
DA:36,1
DA:42,1
DA:43,0
DA:44,0
DA:48,7
LF:21
LH:17
BRDA:35,0,0,1
BRDA:35,0,1,0
BRDA:42,1,0,0
BRDA:42,1,1,1
BRF:4
BRH:2
end_of_record
TN:
SF:/Users/nachomirallessoler/Desktop/freelance_works/padelChallenge/src/pages/dashboard/index.tsx
FN:10,(anonymous_0)
FN:36,(anonymous_1)
FNF:2
FNH:1
FNDA:4,(anonymous_0)
FNDA:0,(anonymous_1)
DA:10,2
DA:18,4
DA:20,4
DA:36,0
LF:4
LH:3
BRF:0
BRH:0
end_of_record
TN:
SF:/Users/nachomirallessoler/Desktop/freelance_works/padelChallenge/src/pages/login/index.tsx
FN:11,(anonymous_0)
FNF:1
FNH:1
FNDA:1,(anonymous_0)
DA:11,2
DA:17,1
DA:19,1
LF:3
LH:3
BRDA:44,0,0,1
BRDA:44,0,1,0
BRDA:46,1,0,1
BRDA:46,1,1,0
BRF:4
BRH:2
end_of_record
TN:
SF:/Users/nachomirallessoler/Desktop/freelance_works/padelChallenge/src/pages/settings/index.tsx
FN:11,(anonymous_0)
FN:31,(anonymous_1)
FN:54,(anonymous_2)
FNF:3
FNH:1
FNDA:2,(anonymous_0)
FNDA:0,(anonymous_1)
FNDA:0,(anonymous_2)
DA:11,2
DA:22,2
DA:24,2
DA:31,0
DA:54,0
LF:5
LH:3
BRDA:46,0,0,2
BRDA:46,0,1,0
BRF:2
BRH:1
end_of_record
